---------- Begin SLURM Prolog ----------
Job ID:        3001769
Username:      palashgo
Accountname:   lc_ef
Name:          exp_16core_benchmark.slurm
Partition:     quick
Nodelist:      hpc1122
TasksPerNode:  16
CPUsPerTask:   Default[1]
TMPDIR:        /tmp/3001769.quick
SCRATCHDIR:    /staging/scratch/3001769
Cluster:       uschpc
HSDA Account:  false
---------- 2019-03-28 23:35:03 ---------
Dataset: benchmark_barabasi_albert_graph_dim=16_N=1024_dia=0_deg=8
# of nodes: 1024, # of edges: 8160
Default hyperparameter of the method chosen
	Link Prediction
Link Prediction train graph n_nodes: 1024, n_edges: 6530
Time taken to learn the embedding: 0.082591 sec
		Random walk sampling. # nodes to sample: 1024
		Sampled graph: n-1024, m-6530, time taken: 0.001410 sec
MAP computation time: 0.126312 sec, prec: 0.108132 sec
Link prediction evaluation complete. Time: 29.991014 sec
Dataset: benchmark_barabasi_albert_graph_dim=16_N=1024_dia=0_deg=8
# of nodes: 1024, # of edges: 8160
Default hyperparameter of the method chosen
	Link Prediction
Link Prediction train graph n_nodes: 1024, n_edges: 6600
Time taken to learn the embedding: 0.084264 sec
		Random walk sampling. # nodes to sample: 1024
		Sampled graph: n-1024, m-6600, time taken: 0.001429 sec
MAP computation time: 0.145239 sec, prec: 0.126743 sec
Link prediction evaluation complete. Time: 30.388028 sec
Dataset: benchmark_barabasi_albert_graph_dim=16_N=1024_dia=0_deg=8
# of nodes: 1024, # of edges: 8160
Default hyperparameter of the method chosen
	Link Prediction
Link Prediction train graph n_nodes: 1022, n_edges: 6532
Time taken to learn the embedding: 0.083770 sec
		Random walk sampling. # nodes to sample: 1024
		Sampled graph: n-1022, m-6532, time taken: 0.001430 sec
MAP computation time: 0.137186 sec, prec: 0.117636 sec
Link prediction evaluation complete. Time: 30.394899 sec
