---------- Begin SLURM Prolog ----------
Job ID:        3001768
Username:      palashgo
Accountname:   lc_ef
Name:          exp_16core_benchmark.slurm
Partition:     quick
Nodelist:      hpc1121
TasksPerNode:  16
CPUsPerTask:   Default[1]
TMPDIR:        /tmp/3001768.quick
SCRATCHDIR:    /staging/scratch/3001768
Cluster:       uschpc
HSDA Account:  false
---------- 2019-03-28 23:35:02 ---------
Dataset: benchmark_barabasi_albert_graph_dim=16_N=1024_dia=0_deg=8
# of nodes: 1024, # of edges: 8160
Default hyperparameter of the method chosen
	Link Prediction
Link Prediction train graph n_nodes: 1024, n_edges: 6446
Time taken to learn the embedding: 0.084515 sec
		Random walk sampling. # nodes to sample: 1024
		Sampled graph: n-1024, m-6446, time taken: 0.001508 sec
MAP computation time: 0.868338 sec, prec: 1.300289 sec
Link prediction evaluation complete. Time: 7.278690 sec
Dataset: benchmark_barabasi_albert_graph_dim=16_N=1024_dia=0_deg=8
# of nodes: 1024, # of edges: 8160
Default hyperparameter of the method chosen
	Link Prediction
Link Prediction train graph n_nodes: 1024, n_edges: 6484
Time taken to learn the embedding: 0.083069 sec
		Random walk sampling. # nodes to sample: 1024
		Sampled graph: n-1024, m-6484, time taken: 0.001409 sec
MAP computation time: 0.839188 sec, prec: 1.191357 sec
Link prediction evaluation complete. Time: 11.067751 sec
Dataset: benchmark_barabasi_albert_graph_dim=16_N=1024_dia=0_deg=8
# of nodes: 1024, # of edges: 8160
Default hyperparameter of the method chosen
	Link Prediction
Link Prediction train graph n_nodes: 1023, n_edges: 6544
Time taken to learn the embedding: 0.083888 sec
		Random walk sampling. # nodes to sample: 1024
		Sampled graph: n-1023, m-6544, time taken: 0.001453 sec
MAP computation time: 0.814432 sec, prec: 1.171358 sec
Link prediction evaluation complete. Time: 6.969628 sec
Dataset: benchmark_barabasi_albert_graph_dim=16_N=1024_dia=0_deg=8
# of nodes: 1024, # of edges: 8160
Default hyperparameter of the method chosen
	Link Prediction
Link Prediction train graph n_nodes: 1024, n_edges: 6554
Time taken to learn the embedding: 0.086684 sec
		Random walk sampling. # nodes to sample: 1024
		Sampled graph: n-1024, m-6554, time taken: 0.001568 sec
MAP computation time: 0.899669 sec, prec: 1.366965 sec
Link prediction evaluation complete. Time: 7.682837 sec
Dataset: benchmark_barabasi_albert_graph_dim=16_N=1024_dia=0_deg=8
# of nodes: 1024, # of edges: 8160
Default hyperparameter of the method chosen
	Link Prediction
Link Prediction train graph n_nodes: 1024, n_edges: 6588
Time taken to learn the embedding: 0.084258 sec
		Random walk sampling. # nodes to sample: 1024
		Sampled graph: n-1024, m-6588, time taken: 0.001422 sec
MAP computation time: 0.817517 sec, prec: 1.183005 sec
Link prediction evaluation complete. Time: 7.013944 sec
Dataset: benchmark_barabasi_albert_graph_dim=32_N=1024_dia=0_deg=8
# of nodes: 1024, # of edges: 8160
Default hyperparameter of the method chosen
	Link Prediction
Link Prediction train graph n_nodes: 1024, n_edges: 6528
Time taken to learn the embedding: 0.084471 sec
		Random walk sampling. # nodes to sample: 1024
		Sampled graph: n-1024, m-6528, time taken: 0.001518 sec
MAP computation time: 0.896079 sec, prec: 1.348153 sec
Link prediction evaluation complete. Time: 7.369705 sec
Dataset: benchmark_barabasi_albert_graph_dim=32_N=1024_dia=0_deg=8
# of nodes: 1024, # of edges: 8160
Default hyperparameter of the method chosen
	Link Prediction
Link Prediction train graph n_nodes: 1023, n_edges: 6446
Time taken to learn the embedding: 0.084829 sec
		Random walk sampling. # nodes to sample: 1024
		Sampled graph: n-1023, m-6446, time taken: 0.001564 sec
MAP computation time: 0.916202 sec, prec: 1.349145 sec
Link prediction evaluation complete. Time: 7.325626 sec
