---------- Begin SLURM Prolog ----------
Job ID:        3001763
Username:      palashgo
Accountname:   lc_ef
Name:          exp_16core_benchmark.slurm
Partition:     quick
Nodelist:      hpc[0971-0972]
TasksPerNode:  8(x2)
CPUsPerTask:   Default[1]
TMPDIR:        /tmp/3001763.quick
SCRATCHDIR:    /staging/scratch/3001763
Cluster:       uschpc
HSDA Account:  false
---------- 2019-03-28 23:35:01 ---------
Dataset: benchmark_random_geometric_graph_dim=16_N=1024_dia=0_deg=8
# of nodes: 1023, # of edges: 8316
Default hyperparameter of the method chosen
	Link Prediction
Link Prediction train graph n_nodes: 1019, n_edges: 6620
Time taken to learn the embedding: 0.072170 sec
		Random walk sampling. # nodes to sample: 1024
		Sampled graph: n-1019, m-6620, time taken: 0.000803 sec
MAP computation time: 0.485877 sec, prec: 0.636651 sec
Link prediction evaluation complete. Time: 4.750637 sec
Dataset: benchmark_random_geometric_graph_dim=16_N=1024_dia=0_deg=8
# of nodes: 1022, # of edges: 8248
Default hyperparameter of the method chosen
	Link Prediction
Link Prediction train graph n_nodes: 1014, n_edges: 6580
Time taken to learn the embedding: 0.071208 sec
		Random walk sampling. # nodes to sample: 1024
		Sampled graph: n-1014, m-6580, time taken: 0.000807 sec
MAP computation time: 0.464934 sec, prec: 0.620369 sec
Link prediction evaluation complete. Time: 4.620751 sec
Dataset: benchmark_random_geometric_graph_dim=16_N=1024_dia=0_deg=8
# of nodes: 1018, # of edges: 8250
Default hyperparameter of the method chosen
	Link Prediction
Link Prediction train graph n_nodes: 1013, n_edges: 6664
Time taken to learn the embedding: 0.071119 sec
		Random walk sampling. # nodes to sample: 1024
		Sampled graph: n-1013, m-6664, time taken: 0.000801 sec
MAP computation time: 0.483431 sec, prec: 0.620429 sec
Link prediction evaluation complete. Time: 4.691033 sec
Dataset: benchmark_random_geometric_graph_dim=16_N=1024_dia=0_deg=8
# of nodes: 1020, # of edges: 8468
Default hyperparameter of the method chosen
	Link Prediction
Link Prediction train graph n_nodes: 1019, n_edges: 6776
Time taken to learn the embedding: 0.074125 sec
		Random walk sampling. # nodes to sample: 1024
		Sampled graph: n-1019, m-6776, time taken: 0.000805 sec
MAP computation time: 0.475168 sec, prec: 0.640986 sec
Link prediction evaluation complete. Time: 4.755278 sec
Dataset: benchmark_random_geometric_graph_dim=16_N=1024_dia=0_deg=8
# of nodes: 1022, # of edges: 8218
Default hyperparameter of the method chosen
	Link Prediction
Link Prediction train graph n_nodes: 995, n_edges: 6464
Time taken to learn the embedding: 0.069913 sec
		Random walk sampling. # nodes to sample: 1024
		Sampled graph: n-995, m-6464, time taken: 0.000790 sec
MAP computation time: 0.461321 sec, prec: 0.605913 sec
Link prediction evaluation complete. Time: 8.679646 sec
Dataset: benchmark_random_geometric_graph_dim=32_N=1024_dia=0_deg=8
# of nodes: 1009, # of edges: 8442
Default hyperparameter of the method chosen
	Link Prediction
Link Prediction train graph n_nodes: 1006, n_edges: 6682
Time taken to learn the embedding: 0.070834 sec
		Random walk sampling. # nodes to sample: 1024
		Sampled graph: n-1006, m-6682, time taken: 0.000803 sec
MAP computation time: 0.453612 sec, prec: 0.607230 sec
Link prediction evaluation complete. Time: 4.589228 sec
Dataset: benchmark_random_geometric_graph_dim=32_N=1024_dia=0_deg=8
# of nodes: 1024, # of edges: 8120
Default hyperparameter of the method chosen
	Link Prediction
Link Prediction train graph n_nodes: 1023, n_edges: 6504
Time taken to learn the embedding: 0.071731 sec
		Random walk sampling. # nodes to sample: 1024
		Sampled graph: n-1023, m-6504, time taken: 0.000815 sec
MAP computation time: 0.474213 sec, prec: 0.642298 sec
Link prediction evaluation complete. Time: 4.788910 sec
Dataset: benchmark_random_geometric_graph_dim=32_N=1024_dia=0_deg=8
# of nodes: 1021, # of edges: 8014
Default hyperparameter of the method chosen
	Link Prediction
Link Prediction train graph n_nodes: 1021, n_edges: 6458
Time taken to learn the embedding: 0.069047 sec
		Random walk sampling. # nodes to sample: 1024
		Sampled graph: n-1021, m-6458, time taken: 0.000799 sec
MAP computation time: 0.468143 sec, prec: 0.660003 sec
Link prediction evaluation complete. Time: 4.765286 sec
Dataset: benchmark_random_geometric_graph_dim=32_N=1024_dia=0_deg=8
# of nodes: 1024, # of edges: 8386
Default hyperparameter of the method chosen
	Link Prediction
Link Prediction train graph n_nodes: 1018, n_edges: 6714
Time taken to learn the embedding: 0.073649 sec
		Random walk sampling. # nodes to sample: 1024
		Sampled graph: n-1018, m-6714, time taken: 0.000826 sec
MAP computation time: 0.464996 sec, prec: 0.632801 sec
Link prediction evaluation complete. Time: 4.729776 sec
Dataset: benchmark_random_geometric_graph_dim=32_N=1024_dia=0_deg=8
# of nodes: 1023, # of edges: 8348
Default hyperparameter of the method chosen
	Link Prediction
Link Prediction train graph n_nodes: 1021, n_edges: 6670
Time taken to learn the embedding: 0.073122 sec
		Random walk sampling. # nodes to sample: 1024
		Sampled graph: n-1021, m-6670, time taken: 0.000815 sec
MAP computation time: 0.480940 sec, prec: 0.643000 sec
Link prediction evaluation complete. Time: 4.765680 sec
Dataset: benchmark_random_geometric_graph_dim=64_N=1024_dia=0_deg=8
# of nodes: 1023, # of edges: 8060
Default hyperparameter of the method chosen
	Link Prediction
Link Prediction train graph n_nodes: 1019, n_edges: 6370
Time taken to learn the embedding: 0.068734 sec
		Random walk sampling. # nodes to sample: 1024
		Sampled graph: n-1019, m-6370, time taken: 0.000817 sec
MAP computation time: 0.474594 sec, prec: 0.650940 sec
Link prediction evaluation complete. Time: 4.767636 sec
Dataset: benchmark_random_geometric_graph_dim=64_N=1024_dia=0_deg=8
# of nodes: 1024, # of edges: 8052
Default hyperparameter of the method chosen
	Link Prediction
Link Prediction train graph n_nodes: 1020, n_edges: 6488
Time taken to learn the embedding: 0.069530 sec
		Random walk sampling. # nodes to sample: 1024
		Sampled graph: n-1020, m-6488, time taken: 0.000817 sec
MAP computation time: 0.456122 sec, prec: 0.641881 sec
Link prediction evaluation complete. Time: 4.699682 sec
Dataset: benchmark_random_geometric_graph_dim=64_N=1024_dia=0_deg=8
# of nodes: 1021, # of edges: 8270
Default hyperparameter of the method chosen
	Link Prediction
Link Prediction train graph n_nodes: 994, n_edges: 6538
Time taken to learn the embedding: 0.069641 sec
		Random walk sampling. # nodes to sample: 1024
		Sampled graph: n-994, m-6538, time taken: 0.000795 sec
MAP computation time: 0.449586 sec, prec: 0.606882 sec
Link prediction evaluation complete. Time: 7.041539 sec
